Unity Editor version:    2023.2.6f1 (57daeefc879b)
Branch:                  2023.2/staging
Build type:              Release
Batch mode:              YES
macOS version:           Version 14.2.1 (Build 23C71)
Darwin version:          23.2.0
Architecture:            arm64
Running under Rosetta:   NO
Available memory:        16384 MB
Using pre-set license
Pro License: YES
2024-01-26 18:52:26.878 Unity[3274:56034] WARNING: Secure coding is not enabled for restorable state! Enable secure coding by implementing NSApplicationDelegate.applicationSupportsSecureRestorableState: and returning YES.

COMMAND LINE ARGUMENTS:
/Applications/Unity/Hub/Editor/2023.2.6f1/Unity.app/Contents/MacOS/Unity
-adb2
-batchMode
-noUpm
-name
AssetImportWorker0
-projectPath
/Users/eloigenier/Documents/kittensmitten/GGJ2024/Kittens Demo
-logFile
Logs/AssetImportWorker0.log
-srvPort
49699
-job-worker-count
3
-background-job-worker-count
8
-asset-garbage-collectors
1
Successfully changed project path to: /Users/eloigenier/Documents/kittensmitten/GGJ2024/Kittens Demo
/Users/eloigenier/Documents/kittensmitten/GGJ2024/Kittens Demo
[UnityMemory] Configuration Parameters - Can be set up in boot.config
    "memorysetup-bucket-allocator-granularity=16"
    "memorysetup-bucket-allocator-bucket-count=8"
    "memorysetup-bucket-allocator-block-size=33554432"
    "memorysetup-bucket-allocator-block-count=8"
    "memorysetup-main-allocator-block-size=16777216"
    "memorysetup-thread-allocator-block-size=16777216"
    "memorysetup-gfx-main-allocator-block-size=16777216"
    "memorysetup-gfx-thread-allocator-block-size=16777216"
    "memorysetup-cache-allocator-block-size=4194304"
    "memorysetup-typetree-allocator-block-size=2097152"
    "memorysetup-profiler-bucket-allocator-granularity=16"
    "memorysetup-profiler-bucket-allocator-bucket-count=8"
    "memorysetup-profiler-bucket-allocator-block-size=33554432"
    "memorysetup-profiler-bucket-allocator-block-count=8"
    "memorysetup-profiler-allocator-block-size=16777216"
    "memorysetup-profiler-editor-allocator-block-size=1048576"
    "memorysetup-temp-allocator-size-main=16777216"
    "memorysetup-job-temp-allocator-block-size=2097152"
    "memorysetup-job-temp-allocator-block-size-background=1048576"
    "memorysetup-job-temp-allocator-reduction-small-platforms=262144"
    "memorysetup-allocator-temp-initial-block-size-main=262144"
    "memorysetup-allocator-temp-initial-block-size-worker=262144"
    "memorysetup-temp-allocator-size-background-worker=32768"
    "memorysetup-temp-allocator-size-job-worker=262144"
    "memorysetup-temp-allocator-size-preload-manager=33554432"
    "memorysetup-temp-allocator-size-nav-mesh-worker=65536"
    "memorysetup-temp-allocator-size-audio-worker=65536"
    "memorysetup-temp-allocator-size-cloud-worker=32768"
    "memorysetup-temp-allocator-size-gi-baking-worker=262144"
    "memorysetup-temp-allocator-size-gi-baking-worker=262144"
    "memorysetup-temp-allocator-size-gi-baking-worker=262144"
    "memorysetup-temp-allocator-size-gi-baking-worker=262144"
    "memorysetup-temp-allocator-size-gfx=262144"
Player connection [8110739456] Host "[IP] 172.30.51.204 [Port] 0 [Flags] 2 [Guid] 3845439309 [EditorId] 3845439309 [Version] 1048832 [Id] OSXEditor(0,elois-mbp.wireless.concordia.ca) [Debug] 1 [PackageName] OSXEditor [ProjectName] Editor" joined multi-casting on [225.0.0.222:54997]...
Player connection [8110739456] Host "[IP] 172.30.51.204 [Port] 0 [Flags] 2 [Guid] 3845439309 [EditorId] 3845439309 [Version] 1048832 [Id] OSXEditor(0,elois-mbp.wireless.concordia.ca) [Debug] 1 [PackageName] OSXEditor [ProjectName] Editor" joined alternative multi-casting on [225.0.0.222:34997]...
JobSystem: Creating JobQueue using job-worker-count value 3
[Physics::Module] Initialized MultithreadedJobDispatcher with 3 workers.
Library Redirect Path: Library/
Refreshing native plugins compatible for Editor in 1.35 ms, found 2 plugins.
Preloading 0 native plugins for Editor in 0.00 ms.
Initialize engine version: 2023.2.6f1 (57daeefc879b)
[Subsystems] Discovering subsystems at path /Applications/Unity/Hub/Editor/2023.2.6f1/Unity.app/Contents/Resources/UnitySubsystems
[Subsystems] Discovering subsystems at path /Users/eloigenier/Documents/kittensmitten/GGJ2024/Kittens Demo/Assets
GfxDevice: creating device client; kGfxThreadingModeNonThreaded
 preferred device: Apple M1 Pro (high power)
Metal devices available: 1
0: Apple M1 Pro (high power)
Using device Apple M1 Pro (high power)
Initializing Metal device caps: Apple M1 Pro
Initialize mono
Mono path[0] = '/Applications/Unity/Hub/Editor/2023.2.6f1/Unity.app/Contents/Managed'
Mono path[1] = '/Applications/Unity/Hub/Editor/2023.2.6f1/Unity.app/Contents/MonoBleedingEdge/lib/mono/unityjit-macos'
Mono config path = '/Applications/Unity/Hub/Editor/2023.2.6f1/Unity.app/Contents/MonoBleedingEdge/etc'
Using monoOptions --debugger-agent=transport=dt_socket,embedding=1,server=y,suspend=n,address=127.0.0.1:56274
Begin MonoManager ReloadAssembly
icall.c:1842:
icall.c:1842:
icall.c:1842:
icall.c:1842:
icall.c:1842:
icall.c:1842:
icall.c:1842:
icall.c:1842:
icall.c:1842:
icall.c:1842:
Registering precompiled unity dll's ...
Register platform support module: /Applications/Unity/Hub/Editor/2023.2.6f1/Unity.app/Contents/PlaybackEngines/MacStandaloneSupport/UnityEditor.OSXStandalone.Extensions.dll
Registered in 0.000670 seconds.
- Loaded All Assemblies, in  0.370 seconds
Native extension for OSXStandalone target not found
Mono: successfully reloaded assembly
icall.c:1842:
icall.c:1842:
- Finished resetting the current domain, in  0.294 seconds
Domain Reload Profiling: 664ms
	BeginReloadAssembly (109ms)
		ExecutionOrderSort (0ms)
		DisableScriptedObjects (0ms)
		BackupInstance (0ms)
		ReleaseScriptingObjects (0ms)
		CreateAndSetChildDomain (1ms)
	RebuildCommonClasses (42ms)
	RebuildNativeTypeToScriptingClass (13ms)
	initialDomainReloadingComplete (39ms)
	LoadAllAssembliesAndSetupDomain (167ms)
		LoadAssemblies (108ms)
		RebuildTransferFunctionScriptingTraits (0ms)
		AnalyzeDomain (165ms)
			TypeCache.Refresh (164ms)
				TypeCache.ScanAssembly (149ms)
			BuildScriptInfoCaches (0ms)
			ResolveRequiredComponents (0ms)
	FinalizeReload (294ms)
		ReleaseScriptCaches (0ms)
		RebuildScriptCaches (0ms)
		SetupLoadedEditorAssemblies (243ms)
			LogAssemblyErrors (0ms)
			InitializePlatformSupportModulesInManaged (6ms)
			SetLoadedEditorAssemblies (5ms)
			BeforeProcessingInitializeOnLoad (6ms)
			ProcessInitializeOnLoadAttributes (182ms)
			ProcessInitializeOnLoadMethodAttributes (43ms)
			AfterProcessingInitializeOnLoad (0ms)
			EditorAssembliesLoaded (0ms)
		ExecutionOrderSort2 (0ms)
		AwakeInstancesAfterBackupRestoration (0ms)
========================================================================
Worker process is ready to serve import requests
Import Worker Mode flag is 0x00
Begin MonoManager ReloadAssembly
icall.c:1842:
icall.c:1842:
icall.c:1842:
icall.c:1842:
icall.c:1842:
icall.c:1842:
icall.c:1842:
icall.c:1842:
icall.c:1842:
icall.c:1842:
icall.c:1842:
icall.c:1842:
Symbol file LoadedFromMemory doesn't match image /Users/eloigenier/Documents/kittensmitten/GGJ2024/Kittens Demo/Library/PackageCache/com.unity.visualscripting@1.8.0/Editor/VisualScripting.Core/Dependencies/YamlDotNet/Unity.VisualScripting.YamlDotNet.dll
Symbol file LoadedFromMemory doesn't match image /Users/eloigenier/Documents/kittensmitten/GGJ2024/Kittens Demo/Library/PackageCache/com.unity.visualscripting@1.8.0/Editor/VisualScripting.Core/Dependencies/DotNetZip/Unity.VisualScripting.IonicZip.dll
- Loaded All Assemblies, in  0.683 seconds
Refreshing native plugins compatible for Editor in 0.19 ms, found 2 plugins.
Native extension for OSXStandalone target not found
Mono: successfully reloaded assembly
- Finished resetting the current domain, in  0.693 seconds
Domain Reload Profiling: 1376ms
	BeginReloadAssembly (213ms)
		ExecutionOrderSort (0ms)
		DisableScriptedObjects (4ms)
		BackupInstance (0ms)
		ReleaseScriptingObjects (0ms)
		CreateAndSetChildDomain (34ms)
	RebuildCommonClasses (41ms)
	RebuildNativeTypeToScriptingClass (13ms)
	initialDomainReloadingComplete (29ms)
	LoadAllAssembliesAndSetupDomain (386ms)
		LoadAssemblies (219ms)
		RebuildTransferFunctionScriptingTraits (0ms)
		AnalyzeDomain (203ms)
			TypeCache.Refresh (171ms)
				TypeCache.ScanAssembly (156ms)
			BuildScriptInfoCaches (21ms)
			ResolveRequiredComponents (9ms)
	FinalizeReload (694ms)
		ReleaseScriptCaches (0ms)
		RebuildScriptCaches (0ms)
		SetupLoadedEditorAssemblies (501ms)
			LogAssemblyErrors (0ms)
			InitializePlatformSupportModulesInManaged (1ms)
			SetLoadedEditorAssemblies (3ms)
			BeforeProcessingInitializeOnLoad (42ms)
			ProcessInitializeOnLoadAttributes (427ms)
			ProcessInitializeOnLoadMethodAttributes (26ms)
			AfterProcessingInitializeOnLoad (1ms)
			EditorAssembliesLoaded (0ms)
		ExecutionOrderSort2 (0ms)
		AwakeInstancesAfterBackupRestoration (3ms)
Launching external process: /Applications/Unity/Hub/Editor/2023.2.6f1/Unity.app/Contents/Tools/UnityShaderCompiler
Launched and connected shader compiler UnityShaderCompiler after 0.06 seconds
Refreshing native plugins compatible for Editor in 0.27 ms, found 2 plugins.
Preloading 0 native plugins for Editor in 0.00 ms.
Unloading 171 Unused Serialized files (Serialized files now loaded: 0)
Unloading 5202 unused Assets / (5.4 MB). Loaded Objects now: 5847.
Memory consumption went from 172.7 MB to 167.4 MB.
Total: 7.276041 ms (FindLiveObjects: 0.451416 ms CreateObjectMapping: 0.189584 ms MarkObjects: 4.130000 ms  DeleteObjects: 2.504417 ms)

========================================================================
Received Import Request.
  Time since last request: 2726.444629 seconds.
  path: Assets/materials/bricks.mat
  artifactKey: Guid(3af0736b860b44bd9ba1a80765e12777) Importer(815301076,1909f56bfc062723c751e8b465ee728b)
Start importing Assets/materials/bricks.mat using Guid(3af0736b860b44bd9ba1a80765e12777) Importer(815301076,1909f56bfc062723c751e8b465ee728b) (PreviewImporter) -> (artifact id: '9c469f80cbea56424644e8942466bb15') in 0.248222917 seconds
Number of updated asset objects reloaded before import = 0Number of asset objects unloaded after import = 36

========================================================================
Received Import Request.
  Time since last request: 270.479731 seconds.
  path: Assets/models/barn.fbx
  artifactKey: Guid(92ef32d67808944eb9702b8a68d1e089) Importer(815301076,1909f56bfc062723c751e8b465ee728b)
Start importing Assets/models/barn.fbx using Guid(92ef32d67808944eb9702b8a68d1e089) Importer(815301076,1909f56bfc062723c751e8b465ee728b) (PreviewImporter) -> (artifact id: '6233f68af21a8b2da2ffaae0b7983b53') in 0.853903084 seconds
Number of updated asset objects reloaded before import = 0Number of asset objects unloaded after import = 434

========================================================================
Received Import Request.
  Time since last request: 87.770024 seconds.
  path: Assets/materials/bricks.mat
  artifactKey: Guid(3af0736b860b44bd9ba1a80765e12777) Importer(815301076,1909f56bfc062723c751e8b465ee728b)
Start importing Assets/materials/bricks.mat using Guid(3af0736b860b44bd9ba1a80765e12777) Importer(815301076,1909f56bfc062723c751e8b465ee728b) (PreviewImporter) -> (artifact id: '1dd3a7b9bf951f3646e9d9f43279bac1') in 0.010031375 seconds
Number of updated asset objects reloaded before import = 0Number of asset objects unloaded after import = 24

========================================================================
Received Import Request.
  Time since last request: 2.629285 seconds.
  path: Assets/models/barn.fbx
  artifactKey: Guid(92ef32d67808944eb9702b8a68d1e089) Importer(815301076,1909f56bfc062723c751e8b465ee728b)
Start importing Assets/models/barn.fbx using Guid(92ef32d67808944eb9702b8a68d1e089) Importer(815301076,1909f56bfc062723c751e8b465ee728b) (PreviewImporter) -> (artifact id: '50c483d9e09a2292c4041dc38088d6d5') in 0.531327583 seconds
Number of updated asset objects reloaded before import = 0Number of asset objects unloaded after import = 435

========================================================================
Received Import Request.
  Time since last request: 36.511338 seconds.
  path: Assets/materials/bricks 1.mat
  artifactKey: Guid(9333e934fa6b043c998d365525ca164b) Importer(815301076,1909f56bfc062723c751e8b465ee728b)
Start importing Assets/materials/bricks 1.mat using Guid(9333e934fa6b043c998d365525ca164b) Importer(815301076,1909f56bfc062723c751e8b465ee728b) (PreviewImporter) -> (artifact id: '35bdc8c1ef0399c1ffdc4c48206c454d') in 0.0098975 seconds
Number of updated asset objects reloaded before import = 0Number of asset objects unloaded after import = 24

========================================================================
Received Import Request.
  Time since last request: 2.103320 seconds.
  path: Assets/materials/roof.mat
  artifactKey: Guid(9333e934fa6b043c998d365525ca164b) Importer(815301076,1909f56bfc062723c751e8b465ee728b)
Start importing Assets/materials/roof.mat using Guid(9333e934fa6b043c998d365525ca164b) Importer(815301076,1909f56bfc062723c751e8b465ee728b) (PreviewImporter) -> (artifact id: '9f9100ffda93aef6a3efac504473c83b') in 0.007536583 seconds
Number of updated asset objects reloaded before import = 0Number of asset objects unloaded after import = 24

========================================================================
Received Import Request.
  Time since last request: 31.910108 seconds.
  path: Assets/models/barn.fbx
  artifactKey: Guid(92ef32d67808944eb9702b8a68d1e089) Importer(815301076,1909f56bfc062723c751e8b465ee728b)
Start importing Assets/models/barn.fbx using Guid(92ef32d67808944eb9702b8a68d1e089) Importer(815301076,1909f56bfc062723c751e8b465ee728b) (PreviewImporter) -> (artifact id: '0e8dcd0c7bd13d5562a494b5256b76f5') in 0.524040375 seconds
Number of updated asset objects reloaded before import = 0Number of asset objects unloaded after import = 435

========================================================================
Received Import Request.
  Time since last request: 6.050092 seconds.
  path: Assets/models/barn.fbx
  artifactKey: Guid(92ef32d67808944eb9702b8a68d1e089) Importer(815301076,1909f56bfc062723c751e8b465ee728b)
Start importing Assets/models/barn.fbx using Guid(92ef32d67808944eb9702b8a68d1e089) Importer(815301076,1909f56bfc062723c751e8b465ee728b) (PreviewImporter) -> (artifact id: '6efc70589f7d746858f8eed86c38a74a') in 0.508235458 seconds
Number of updated asset objects reloaded before import = 0Number of asset objects unloaded after import = 436

========================================================================
Received Import Request.
  Time since last request: 7.283830 seconds.
  path: Assets/materials/roof.mat
  artifactKey: Guid(9333e934fa6b043c998d365525ca164b) Importer(815301076,1909f56bfc062723c751e8b465ee728b)
Start importing Assets/materials/roof.mat using Guid(9333e934fa6b043c998d365525ca164b) Importer(815301076,1909f56bfc062723c751e8b465ee728b) (PreviewImporter) -> (artifact id: '6afaa46a54131f38319761f81ba1a252') in 0.009614875 seconds
Number of updated asset objects reloaded before import = 0Number of asset objects unloaded after import = 24

========================================================================
Received Import Request.
  Time since last request: 4.989432 seconds.
  path: Assets/materials/roof 1.mat
  artifactKey: Guid(dd4e0fbe18fab4cda80a44f011f6fcc1) Importer(815301076,1909f56bfc062723c751e8b465ee728b)
Start importing Assets/materials/roof 1.mat using Guid(dd4e0fbe18fab4cda80a44f011f6fcc1) Importer(815301076,1909f56bfc062723c751e8b465ee728b) (PreviewImporter) -> (artifact id: 'fa5ecb44904f3c84e21594c850be5c9d') in 0.008632916 seconds
Number of updated asset objects reloaded before import = 0Number of asset objects unloaded after import = 24

========================================================================
Received Import Request.
  Time since last request: 3.378841 seconds.
  path: Assets/materials/void.mat
  artifactKey: Guid(dd4e0fbe18fab4cda80a44f011f6fcc1) Importer(815301076,1909f56bfc062723c751e8b465ee728b)
Start importing Assets/materials/void.mat using Guid(dd4e0fbe18fab4cda80a44f011f6fcc1) Importer(815301076,1909f56bfc062723c751e8b465ee728b) (PreviewImporter) -> (artifact id: 'c684adc9091ff2ca46b6056c37dbc8dd') in 0.008953792 seconds
Number of updated asset objects reloaded before import = 0Number of asset objects unloaded after import = 24

========================================================================
Received Import Request.
  Time since last request: 18.817957 seconds.
  path: Assets/models/barn.fbx
  artifactKey: Guid(92ef32d67808944eb9702b8a68d1e089) Importer(815301076,1909f56bfc062723c751e8b465ee728b)
Start importing Assets/models/barn.fbx using Guid(92ef32d67808944eb9702b8a68d1e089) Importer(815301076,1909f56bfc062723c751e8b465ee728b) (PreviewImporter) -> (artifact id: 'ea57a87a08b525379b7d57a21aaa9351') in 0.496022333 seconds
Number of updated asset objects reloaded before import = 0Number of asset objects unloaded after import = 436

========================================================================
Received Import Request.
  Time since last request: 22.674895 seconds.
  path: Assets/models/barn.fbx
  artifactKey: Guid(92ef32d67808944eb9702b8a68d1e089) Importer(815301076,1909f56bfc062723c751e8b465ee728b)
Start importing Assets/models/barn.fbx using Guid(92ef32d67808944eb9702b8a68d1e089) Importer(815301076,1909f56bfc062723c751e8b465ee728b) (PreviewImporter) -> (artifact id: 'f4139f365b45a969b7ee4eee1dc34865') in 0.493829125 seconds
Number of updated asset objects reloaded before import = 0Number of asset objects unloaded after import = 436

========================================================================
Received Import Request.
  Time since last request: 39.277578 seconds.
  path: Assets/materials/void.mat
  artifactKey: Guid(dd4e0fbe18fab4cda80a44f011f6fcc1) Importer(815301076,1909f56bfc062723c751e8b465ee728b)
Start importing Assets/materials/void.mat using Guid(dd4e0fbe18fab4cda80a44f011f6fcc1) Importer(815301076,1909f56bfc062723c751e8b465ee728b) (PreviewImporter) -> (artifact id: '1370d5ab26db237ba47b0bc43f45b8d4') in 0.009491708 seconds
Number of updated asset objects reloaded before import = 0Number of asset objects unloaded after import = 23

========================================================================
Received Import Request.
  Time since last request: 52.404019 seconds.
  path: Assets/materials/le neant.shadergraph
  artifactKey: Guid(582a8290640a7493287e010a5303dad6) Importer(815301076,1909f56bfc062723c751e8b465ee728b)
Start importing Assets/materials/le neant.shadergraph using Guid(582a8290640a7493287e010a5303dad6) Importer(815301076,1909f56bfc062723c751e8b465ee728b) (PreviewImporter) -> (artifact id: '0da45debd2587d12777e9b03de42e2c7') in 0.980751625 seconds
Number of updated asset objects reloaded before import = 0Number of asset objects unloaded after import = 26

========================================================================
Received Import Request.
  Time since last request: 435.816833 seconds.
  path: Assets/materials/le neant.shadergraph
  artifactKey: Guid(582a8290640a7493287e010a5303dad6) Importer(815301076,1909f56bfc062723c751e8b465ee728b)
Start importing Assets/materials/le neant.shadergraph using Guid(582a8290640a7493287e010a5303dad6) Importer(815301076,1909f56bfc062723c751e8b465ee728b) (PreviewImporter) -> (artifact id: 'ce6936bfd179f0d3429a9bf7440a9510') in 1.052575042 seconds
Number of updated asset objects reloaded before import = 0Number of asset objects unloaded after import = 26

========================================================================
Received Import Request.
  Time since last request: 23.243445 seconds.
  path: Assets/materials/Shader Graphs_le neant.mat
  artifactKey: Guid(f6f32ee7b129c40c1abb3482bda3bbed) Importer(815301076,1909f56bfc062723c751e8b465ee728b)
Start importing Assets/materials/Shader Graphs_le neant.mat using Guid(f6f32ee7b129c40c1abb3482bda3bbed) Importer(815301076,1909f56bfc062723c751e8b465ee728b) (PreviewImporter) -> (artifact id: '22e1a5f436172091dd1e55bdef58e682') in 0.017154083 seconds
Number of updated asset objects reloaded before import = 0Number of asset objects unloaded after import = 27

========================================================================
Received Import Request.
  Time since last request: 41.499163 seconds.
  path: Assets/materials/Shader Graphs_le neant.mat
  artifactKey: Guid(f6f32ee7b129c40c1abb3482bda3bbed) Importer(815301076,1909f56bfc062723c751e8b465ee728b)
Start importing Assets/materials/Shader Graphs_le neant.mat using Guid(f6f32ee7b129c40c1abb3482bda3bbed) Importer(815301076,1909f56bfc062723c751e8b465ee728b) (PreviewImporter) -> (artifact id: '65a4d3f00a91ab3a7c488222e6c2ca48') in 0.924227333 seconds
Number of updated asset objects reloaded before import = 0Number of asset objects unloaded after import = 27

========================================================================
Received Import Request.
  Time since last request: 12.557040 seconds.
  path: Assets/materials/Shader Graphs_le neant.mat
  artifactKey: Guid(f6f32ee7b129c40c1abb3482bda3bbed) Importer(815301076,1909f56bfc062723c751e8b465ee728b)
Start importing Assets/materials/Shader Graphs_le neant.mat using Guid(f6f32ee7b129c40c1abb3482bda3bbed) Importer(815301076,1909f56bfc062723c751e8b465ee728b) (PreviewImporter) -> (artifact id: '05b04453f4d7810121a8eeab02bdab74') in 0.933252833 seconds
Number of updated asset objects reloaded before import = 0Number of asset objects unloaded after import = 27

========================================================================
Received Import Request.
  Time since last request: 606.905656 seconds.
  path: Assets/materials/Shader Graphs_le neant.mat
  artifactKey: Guid(f6f32ee7b129c40c1abb3482bda3bbed) Importer(815301076,1909f56bfc062723c751e8b465ee728b)
Start importing Assets/materials/Shader Graphs_le neant.mat using Guid(f6f32ee7b129c40c1abb3482bda3bbed) Importer(815301076,1909f56bfc062723c751e8b465ee728b) (PreviewImporter) -> (artifact id: 'b42d96e8d17b36e8051d306fd784da38') in 1.028005917 seconds
Number of updated asset objects reloaded before import = 0Number of asset objects unloaded after import = 27

========================================================================
Received Import Request.
  Time since last request: 63.941668 seconds.
  path: Assets/materials/Shader Graphs_le neant.mat
  artifactKey: Guid(f6f32ee7b129c40c1abb3482bda3bbed) Importer(815301076,1909f56bfc062723c751e8b465ee728b)
Start importing Assets/materials/Shader Graphs_le neant.mat using Guid(f6f32ee7b129c40c1abb3482bda3bbed) Importer(815301076,1909f56bfc062723c751e8b465ee728b) (PreviewImporter) -> (artifact id: '833c4b2105e3704a80e32e02626aa943') in 1.020175 seconds
Number of updated asset objects reloaded before import = 0Number of asset objects unloaded after import = 27

========================================================================
Received Import Request.
  Time since last request: 1.479614 seconds.
  path: Assets/materials/Shader Graphs_le neant.mat
  artifactKey: Guid(f6f32ee7b129c40c1abb3482bda3bbed) Importer(815301076,1909f56bfc062723c751e8b465ee728b)
Start importing Assets/materials/Shader Graphs_le neant.mat using Guid(f6f32ee7b129c40c1abb3482bda3bbed) Importer(815301076,1909f56bfc062723c751e8b465ee728b) (PreviewImporter) -> (artifact id: 'e5d4977f0b5c071194f990f42b8e659c') in 0.929183959 seconds
Number of updated asset objects reloaded before import = 0Number of asset objects unloaded after import = 27

========================================================================
Received Import Request.
  Time since last request: 14.940809 seconds.
  path: Assets/materials/Shader Graphs_le neant.mat
  artifactKey: Guid(f6f32ee7b129c40c1abb3482bda3bbed) Importer(815301076,1909f56bfc062723c751e8b465ee728b)
Start importing Assets/materials/Shader Graphs_le neant.mat using Guid(f6f32ee7b129c40c1abb3482bda3bbed) Importer(815301076,1909f56bfc062723c751e8b465ee728b) (PreviewImporter) -> (artifact id: 'dcca08ae8e37eb7fb2036a1de5d3f6ed') in 0.88333725 seconds
Number of updated asset objects reloaded before import = 0Number of asset objects unloaded after import = 27

========================================================================
Received Import Request.
  Time since last request: 287.828997 seconds.
  path: Assets/materials/Shader Graphs_le neant.mat
  artifactKey: Guid(f6f32ee7b129c40c1abb3482bda3bbed) Importer(815301076,1909f56bfc062723c751e8b465ee728b)
Start importing Assets/materials/Shader Graphs_le neant.mat using Guid(f6f32ee7b129c40c1abb3482bda3bbed) Importer(815301076,1909f56bfc062723c751e8b465ee728b) (PreviewImporter) -> (artifact id: 'bf425c4813f1e7df982fbc07fc0b3e40') in 0.014148458 seconds
Number of updated asset objects reloaded before import = 0Number of asset objects unloaded after import = 27

========================================================================
Received Import Request.
  Time since last request: 694.172191 seconds.
  path: Assets/materials/Shader Graphs_le neant.mat
  artifactKey: Guid(f6f32ee7b129c40c1abb3482bda3bbed) Importer(815301076,1909f56bfc062723c751e8b465ee728b)
Start importing Assets/materials/Shader Graphs_le neant.mat using Guid(f6f32ee7b129c40c1abb3482bda3bbed) Importer(815301076,1909f56bfc062723c751e8b465ee728b) (PreviewImporter) -> (artifact id: '8769c5db97143f5b7bbc66c592fa45d7') in 0.671670625 seconds
Number of updated asset objects reloaded before import = 0Number of asset objects unloaded after import = 27

========================================================================
Received Import Request.
  Time since last request: 26.303427 seconds.
  path: Assets/materials/Shader Graphs_le neant.mat
  artifactKey: Guid(f6f32ee7b129c40c1abb3482bda3bbed) Importer(815301076,1909f56bfc062723c751e8b465ee728b)
Start importing Assets/materials/Shader Graphs_le neant.mat using Guid(f6f32ee7b129c40c1abb3482bda3bbed) Importer(815301076,1909f56bfc062723c751e8b465ee728b) (PreviewImporter) -> (artifact id: '03afda1513b9edbf7e9bdf1d4de29f3f') in 0.011590375 seconds
Number of updated asset objects reloaded before import = 0Number of asset objects unloaded after import = 27

========================================================================
Received Import Request.
  Time since last request: 52.933474 seconds.
  path: Assets/materials/Shader Graphs_le neant.mat
  artifactKey: Guid(f6f32ee7b129c40c1abb3482bda3bbed) Importer(815301076,1909f56bfc062723c751e8b465ee728b)
Start importing Assets/materials/Shader Graphs_le neant.mat using Guid(f6f32ee7b129c40c1abb3482bda3bbed) Importer(815301076,1909f56bfc062723c751e8b465ee728b) (PreviewImporter) -> (artifact id: '6091ca6bbba7f0a015c8dc18252ac913') in 0.010321125 seconds
Number of updated asset objects reloaded before import = 0Number of asset objects unloaded after import = 27

========================================================================
Received Import Request.
  Time since last request: 40.634600 seconds.
  path: Assets/materials/Shader Graphs_le neant.mat
  artifactKey: Guid(f6f32ee7b129c40c1abb3482bda3bbed) Importer(815301076,1909f56bfc062723c751e8b465ee728b)
Start importing Assets/materials/Shader Graphs_le neant.mat using Guid(f6f32ee7b129c40c1abb3482bda3bbed) Importer(815301076,1909f56bfc062723c751e8b465ee728b) (PreviewImporter) -> (artifact id: '39823e510f9dce69216e6684857cfd06') in 0.787283375 seconds
Number of updated asset objects reloaded before import = 0Number of asset objects unloaded after import = 27

========================================================================
Received Import Request.
  Time since last request: 52.855773 seconds.
  path: Assets/materials/Shader Graphs_le neant.mat
  artifactKey: Guid(f6f32ee7b129c40c1abb3482bda3bbed) Importer(815301076,1909f56bfc062723c751e8b465ee728b)
Start importing Assets/materials/Shader Graphs_le neant.mat using Guid(f6f32ee7b129c40c1abb3482bda3bbed) Importer(815301076,1909f56bfc062723c751e8b465ee728b) (PreviewImporter) -> (artifact id: '6f6b9415742372e20e653ba8d9171149') in 0.829050125 seconds
Number of updated asset objects reloaded before import = 0Number of asset objects unloaded after import = 27

========================================================================
Received Import Request.
  Time since last request: 84.911006 seconds.
  path: Assets/materials/Shader Graphs_le neant.mat
  artifactKey: Guid(f6f32ee7b129c40c1abb3482bda3bbed) Importer(815301076,1909f56bfc062723c751e8b465ee728b)
Start importing Assets/materials/Shader Graphs_le neant.mat using Guid(f6f32ee7b129c40c1abb3482bda3bbed) Importer(815301076,1909f56bfc062723c751e8b465ee728b) (PreviewImporter) -> (artifact id: '637f408212f4fd96e3d56d3615be211e') in 0.805641208 seconds
Number of updated asset objects reloaded before import = 0Number of asset objects unloaded after import = 27

========================================================================
Received Import Request.
  Time since last request: 235.513708 seconds.
  path: Assets/materials/Shader Graphs_le neant.mat
  artifactKey: Guid(f6f32ee7b129c40c1abb3482bda3bbed) Importer(815301076,1909f56bfc062723c751e8b465ee728b)
Start importing Assets/materials/Shader Graphs_le neant.mat using Guid(f6f32ee7b129c40c1abb3482bda3bbed) Importer(815301076,1909f56bfc062723c751e8b465ee728b) (PreviewImporter) -> (artifact id: 'd468b5107c4d3ded788046f93ca50d1b') in 0.0121645 seconds
Number of updated asset objects reloaded before import = 0Number of asset objects unloaded after import = 27

========================================================================
Received Import Request.
  Time since last request: 3.269517 seconds.
  path: Assets/materials/Shader Graphs_le neant.mat
  artifactKey: Guid(f6f32ee7b129c40c1abb3482bda3bbed) Importer(815301076,1909f56bfc062723c751e8b465ee728b)
Start importing Assets/materials/Shader Graphs_le neant.mat using Guid(f6f32ee7b129c40c1abb3482bda3bbed) Importer(815301076,1909f56bfc062723c751e8b465ee728b) (PreviewImporter) -> (artifact id: '129490db87a6de0dfd895a94c38c295c') in 0.780059958 seconds
Number of updated asset objects reloaded before import = 0Number of asset objects unloaded after import = 27

========================================================================
Received Import Request.
  Time since last request: 134.285079 seconds.
  path: Assets/materials/Shader Graphs_le neant.mat
  artifactKey: Guid(f6f32ee7b129c40c1abb3482bda3bbed) Importer(815301076,1909f56bfc062723c751e8b465ee728b)
Start importing Assets/materials/Shader Graphs_le neant.mat using Guid(f6f32ee7b129c40c1abb3482bda3bbed) Importer(815301076,1909f56bfc062723c751e8b465ee728b) (PreviewImporter) -> (artifact id: '123aea029bc96470714a9e5f6c1d5700') in 0.882230375 seconds
Number of updated asset objects reloaded before import = 0Number of asset objects unloaded after import = 27

========================================================================
Received Import Request.
  Time since last request: 40.568075 seconds.
  path: Assets/materials/Shader Graphs_le neant.mat
  artifactKey: Guid(f6f32ee7b129c40c1abb3482bda3bbed) Importer(815301076,1909f56bfc062723c751e8b465ee728b)
Start importing Assets/materials/Shader Graphs_le neant.mat using Guid(f6f32ee7b129c40c1abb3482bda3bbed) Importer(815301076,1909f56bfc062723c751e8b465ee728b) (PreviewImporter) -> (artifact id: 'f6e1b44329fbed54684822854761f424') in 0.860810917 seconds
Number of updated asset objects reloaded before import = 0Number of asset objects unloaded after import = 27

========================================================================
Received Import Request.
  Time since last request: 15.774043 seconds.
  path: Assets/materials/Shader Graphs_le neant.mat
  artifactKey: Guid(f6f32ee7b129c40c1abb3482bda3bbed) Importer(815301076,1909f56bfc062723c751e8b465ee728b)
Start importing Assets/materials/Shader Graphs_le neant.mat using Guid(f6f32ee7b129c40c1abb3482bda3bbed) Importer(815301076,1909f56bfc062723c751e8b465ee728b) (PreviewImporter) -> (artifact id: '781128801d1475b905eb386fc0001fbc') in 0.780578708 seconds
Number of updated asset objects reloaded before import = 0Number of asset objects unloaded after import = 27

========================================================================
Received Import Request.
  Time since last request: 74.425284 seconds.
  path: Assets/materials/Shader Graphs_le neant.mat
  artifactKey: Guid(f6f32ee7b129c40c1abb3482bda3bbed) Importer(815301076,1909f56bfc062723c751e8b465ee728b)
Start importing Assets/materials/Shader Graphs_le neant.mat using Guid(f6f32ee7b129c40c1abb3482bda3bbed) Importer(815301076,1909f56bfc062723c751e8b465ee728b) (PreviewImporter) -> (artifact id: '6a323599d8c2af43911dbcffc4ba1c59') in 0.952492542 seconds
Number of updated asset objects reloaded before import = 0Number of asset objects unloaded after import = 27

========================================================================
Received Import Request.
  Time since last request: 13.174499 seconds.
  path: Assets/materials/Shader Graphs_le neant.mat
  artifactKey: Guid(f6f32ee7b129c40c1abb3482bda3bbed) Importer(815301076,1909f56bfc062723c751e8b465ee728b)
Start importing Assets/materials/Shader Graphs_le neant.mat using Guid(f6f32ee7b129c40c1abb3482bda3bbed) Importer(815301076,1909f56bfc062723c751e8b465ee728b) (PreviewImporter) -> (artifact id: 'af4d8e44627c053b8a1c47dc05cce41e') in 0.817860542 seconds
Number of updated asset objects reloaded before import = 0Number of asset objects unloaded after import = 27

========================================================================
Received Import Request.
  Time since last request: 23.852817 seconds.
  path: Assets/materials/Shader Graphs_le neant.mat
  artifactKey: Guid(f6f32ee7b129c40c1abb3482bda3bbed) Importer(815301076,1909f56bfc062723c751e8b465ee728b)
Start importing Assets/materials/Shader Graphs_le neant.mat using Guid(f6f32ee7b129c40c1abb3482bda3bbed) Importer(815301076,1909f56bfc062723c751e8b465ee728b) (PreviewImporter) -> (artifact id: '6dc81f596aa960d726aada50abc8f59e') in 0.320266084 seconds
Number of updated asset objects reloaded before import = 0Number of asset objects unloaded after import = 27

========================================================================
Received Import Request.
  Time since last request: 15.734400 seconds.
  path: Assets/materials/Shader Graphs_le neant.mat
  artifactKey: Guid(f6f32ee7b129c40c1abb3482bda3bbed) Importer(815301076,1909f56bfc062723c751e8b465ee728b)
Start importing Assets/materials/Shader Graphs_le neant.mat using Guid(f6f32ee7b129c40c1abb3482bda3bbed) Importer(815301076,1909f56bfc062723c751e8b465ee728b) (PreviewImporter) -> (artifact id: 'fcb8ea2b70d3551af75eb0a5af319c58') in 0.78672875 seconds
Number of updated asset objects reloaded before import = 0Number of asset objects unloaded after import = 27

========================================================================
Received Import Request.
  Time since last request: 12.454876 seconds.
  path: Assets/materials/Shader Graphs_le neant.mat
  artifactKey: Guid(f6f32ee7b129c40c1abb3482bda3bbed) Importer(815301076,1909f56bfc062723c751e8b465ee728b)
Start importing Assets/materials/Shader Graphs_le neant.mat using Guid(f6f32ee7b129c40c1abb3482bda3bbed) Importer(815301076,1909f56bfc062723c751e8b465ee728b) (PreviewImporter) -> (artifact id: '92bd8c731a24cb7be82f49fbf2878cb2') in 0.716704208 seconds
Number of updated asset objects reloaded before import = 0Number of asset objects unloaded after import = 27

========================================================================
Received Import Request.
  Time since last request: 55.310871 seconds.
  path: Assets/materials/Shader Graphs_le neant.mat
  artifactKey: Guid(f6f32ee7b129c40c1abb3482bda3bbed) Importer(815301076,1909f56bfc062723c751e8b465ee728b)
Start importing Assets/materials/Shader Graphs_le neant.mat using Guid(f6f32ee7b129c40c1abb3482bda3bbed) Importer(815301076,1909f56bfc062723c751e8b465ee728b) (PreviewImporter) -> (artifact id: 'f20c9a54e1227ca372383f78aacf0eaa') in 0.721161167 seconds
Number of updated asset objects reloaded before import = 0Number of asset objects unloaded after import = 27

========================================================================
Received Import Request.
  Time since last request: 613.993272 seconds.
  path: Assets/materials/Shader Graphs_le neant.mat
  artifactKey: Guid(f6f32ee7b129c40c1abb3482bda3bbed) Importer(815301076,1909f56bfc062723c751e8b465ee728b)
Start importing Assets/materials/Shader Graphs_le neant.mat using Guid(f6f32ee7b129c40c1abb3482bda3bbed) Importer(815301076,1909f56bfc062723c751e8b465ee728b) (PreviewImporter) -> (artifact id: '2b624b700a2d7cc73dd2351a9e8130e8') in 0.757024792 seconds
Number of updated asset objects reloaded before import = 0Number of asset objects unloaded after import = 27

========================================================================
Received Import Request.
  Time since last request: 179.400781 seconds.
  path: Assets/materials/Shader Graphs_le neant.mat
  artifactKey: Guid(f6f32ee7b129c40c1abb3482bda3bbed) Importer(815301076,1909f56bfc062723c751e8b465ee728b)
Start importing Assets/materials/Shader Graphs_le neant.mat using Guid(f6f32ee7b129c40c1abb3482bda3bbed) Importer(815301076,1909f56bfc062723c751e8b465ee728b) (PreviewImporter) -> (artifact id: 'f6943ac9ccd30ecd189048cd9e530da3') in 0.0127445 seconds
Number of updated asset objects reloaded before import = 0Number of asset objects unloaded after import = 27

========================================================================
Received Import Request.
  Time since last request: 176.972501 seconds.
  path: Assets/Settings/New Material.mat
  artifactKey: Guid(e121a6e52145e4176947922d36d95548) Importer(815301076,1909f56bfc062723c751e8b465ee728b)
Start importing Assets/Settings/New Material.mat using Guid(e121a6e52145e4176947922d36d95548) Importer(815301076,1909f56bfc062723c751e8b465ee728b) (PreviewImporter) -> (artifact id: 'ca654d93b89727b6cd2fc5c803dcc689') in 0.030627917 seconds
Number of updated asset objects reloaded before import = 0Number of asset objects unloaded after import = 22

